#-----------------------------------------------------------
# Vivado v2020.2 (64-bit)
# SW Build 3064766 on Wed Nov 18 09:12:45 MST 2020
# IP Build 3064653 on Wed Nov 18 14:17:31 MST 2020
# Start of session at: Sun Oct 30 15:47:06 2022
# Process ID: 13640
# Current directory: D:/Projects/Vivado_Projects/9-1-keyboard
# Command line: vivado.exe -gui_launcher_event rodinguilauncherevent19536 D:\Projects\Vivado_Projects\9-1-keyboard\9-1-keyboard.xpr
# Log file: D:/Projects/Vivado_Projects/9-1-keyboard/vivado.log
# Journal file: D:/Projects/Vivado_Projects/9-1-keyboard\vivado.jou
#-----------------------------------------------------------
start_gui
open_project D:/Projects/Vivado_Projects/9-1-keyboard/9-1-keyboard.xpr
WARNING: [filemgmt 56-3] Default IP Output Path : Could not find the directory 'D:/Projects/Vivado_Projects/9-1-keyboard/9-1-keyboard.gen/sources_1'.
Scanning sources...
Finished scanning sources
INFO: [IP_Flow 19-234] Refreshing IP repositories
INFO: [IP_Flow 19-1704] No user IP repositories specified
INFO: [IP_Flow 19-2313] Loaded Vivado IP repository 'C:/Xilinx/Vivado/2020.2/data/ip'.
open_project: Time (s): cpu = 00:00:53 ; elapsed = 00:00:24 . Memory (MB): peak = 1089.855 ; gain = 0.000
update_compile_order -fileset sources_1
exit
INFO: [Common 17-206] Exiting Vivado at Sun Oct 30 15:48:57 2022...
