#-----------------------------------------------------------
# Vivado v2020.2 (64-bit)
# SW Build 3064766 on Wed Nov 18 09:12:45 MST 2020
# IP Build 3064653 on Wed Nov 18 14:17:31 MST 2020
# Start of session at: Sun Dec  4 19:40:50 2022
# Process ID: 21956
# Current directory: D:/Projects/Vivado_Projects/4-3-register-file
# Command line: vivado.exe -gui_launcher_event rodinguilauncherevent18084 D:\Projects\Vivado_Projects\4-3-register-file\4-3-register-file.xpr
# Log file: D:/Projects/Vivado_Projects/4-3-register-file/vivado.log
# Journal file: D:/Projects/Vivado_Projects/4-3-register-file\vivado.jou
#-----------------------------------------------------------
start_gui
open_project D:/Projects/Vivado_Projects/4-3-register-file/4-3-register-file.xpr
WARNING: [filemgmt 56-3] Default IP Output Path : Could not find the directory 'D:/Projects/Vivado_Projects/4-3-register-file/4-3-register-file.gen/sources_1'.
Scanning sources...
Finished scanning sources
INFO: [IP_Flow 19-234] Refreshing IP repositories
INFO: [IP_Flow 19-1704] No user IP repositories specified
INFO: [IP_Flow 19-2313] Loaded Vivado IP repository 'C:/Xilinx/Vivado/2020.2/data/ip'.
open_project: Time (s): cpu = 00:00:29 ; elapsed = 00:00:13 . Memory (MB): peak = 1088.961 ; gain = 0.000
update_compile_order -fileset sources_1
exit
INFO: [Common 17-206] Exiting Vivado at Sun Dec  4 19:41:28 2022...
